[debug] [2024-10-10T13:55:45.188Z] ----------------------------------------------------------------------
[debug] [2024-10-10T13:55:45.189Z] Command:       /opt/homebrew/Cellar/node/22.1.0/bin/node /opt/homebrew/bin/firebase deploy
[debug] [2024-10-10T13:55:45.189Z] CLI Version:   13.20.2
[debug] [2024-10-10T13:55:45.189Z] Platform:      darwin
[debug] [2024-10-10T13:55:45.189Z] Node Version:  v22.1.0
[debug] [2024-10-10T13:55:45.189Z] Time:          Thu Oct 10 2024 09:55:45 GMT-0400 (Eastern Daylight Time)
[debug] [2024-10-10T13:55:45.189Z] ----------------------------------------------------------------------
[debug] 
[debug] [2024-10-10T13:55:45.221Z] > command requires scopes: ["email","openid","https://www.googleapis.com/auth/cloudplatformprojects.readonly","https://www.googleapis.com/auth/firebase","https://www.googleapis.com/auth/cloud-platform"]
[debug] [2024-10-10T13:55:45.221Z] > authorizing via signed-in user (daylightintheus@gmail.com)
[debug] [2024-10-10T13:55:45.221Z] [iam] checking project poker-tracker-eb0be for permissions ["datastore.indexes.create","datastore.indexes.delete","datastore.indexes.list","datastore.indexes.update","firebase.projects.get","firebasedatabase.instances.update","firebasehosting.sites.update"]
[debug] [2024-10-10T13:55:45.222Z] Checked if tokens are valid: true, expires at: 1728571533351
[debug] [2024-10-10T13:55:45.222Z] Checked if tokens are valid: true, expires at: 1728571533351
[debug] [2024-10-10T13:55:45.222Z] >>> [apiv2][query] POST https://cloudresourcemanager.googleapis.com/v1/projects/poker-tracker-eb0be:testIamPermissions [none]
[debug] [2024-10-10T13:55:45.222Z] >>> [apiv2][(partial)header] POST https://cloudresourcemanager.googleapis.com/v1/projects/poker-tracker-eb0be:testIamPermissions x-goog-quota-user=projects/poker-tracker-eb0be
[debug] [2024-10-10T13:55:45.222Z] >>> [apiv2][body] POST https://cloudresourcemanager.googleapis.com/v1/projects/poker-tracker-eb0be:testIamPermissions {"permissions":["datastore.indexes.create","datastore.indexes.delete","datastore.indexes.list","datastore.indexes.update","firebase.projects.get","firebasedatabase.instances.update","firebasehosting.sites.update"]}
[debug] [2024-10-10T13:55:45.532Z] <<< [apiv2][status] POST https://cloudresourcemanager.googleapis.com/v1/projects/poker-tracker-eb0be:testIamPermissions 200
[debug] [2024-10-10T13:55:45.533Z] <<< [apiv2][body] POST https://cloudresourcemanager.googleapis.com/v1/projects/poker-tracker-eb0be:testIamPermissions {"permissions":["datastore.indexes.create","datastore.indexes.delete","datastore.indexes.list","datastore.indexes.update","firebase.projects.get","firebasedatabase.instances.update","firebasehosting.sites.update"]}
[debug] [2024-10-10T13:55:45.533Z] Checked if tokens are valid: true, expires at: 1728571533351
[debug] [2024-10-10T13:55:45.533Z] Checked if tokens are valid: true, expires at: 1728571533351
[debug] [2024-10-10T13:55:45.533Z] >>> [apiv2][query] GET https://firebase.googleapis.com/v1beta1/projects/poker-tracker-eb0be [none]
[debug] [2024-10-10T13:55:45.844Z] <<< [apiv2][status] GET https://firebase.googleapis.com/v1beta1/projects/poker-tracker-eb0be 200
[debug] [2024-10-10T13:55:45.844Z] <<< [apiv2][body] GET https://firebase.googleapis.com/v1beta1/projects/poker-tracker-eb0be {"projectId":"poker-tracker-eb0be","projectNumber":"708185566131","displayName":"Poker Tracker","name":"projects/poker-tracker-eb0be","resources":{"hostingSite":"poker-tracker-eb0be","realtimeDatabaseInstance":"poker-tracker-eb0be-default-rtdb"},"state":"ACTIVE","etag":"1_7a9e6581-eeba-49ca-a4cd-2bdd89dea7ab"}
[debug] [2024-10-10T13:55:45.845Z] Checked if tokens are valid: true, expires at: 1728571533351
[debug] [2024-10-10T13:55:45.845Z] Checked if tokens are valid: true, expires at: 1728571533351
[debug] [2024-10-10T13:55:45.845Z] >>> [apiv2][query] GET https://firebase.googleapis.com/v1beta1/projects/poker-tracker-eb0be [none]
[debug] [2024-10-10T13:55:45.975Z] <<< [apiv2][status] GET https://firebase.googleapis.com/v1beta1/projects/poker-tracker-eb0be 200
[debug] [2024-10-10T13:55:45.975Z] <<< [apiv2][body] GET https://firebase.googleapis.com/v1beta1/projects/poker-tracker-eb0be {"projectId":"poker-tracker-eb0be","projectNumber":"708185566131","displayName":"Poker Tracker","name":"projects/poker-tracker-eb0be","resources":{"hostingSite":"poker-tracker-eb0be","realtimeDatabaseInstance":"poker-tracker-eb0be-default-rtdb"},"state":"ACTIVE","etag":"1_7a9e6581-eeba-49ca-a4cd-2bdd89dea7ab"}
[info] 
[info] === Deploying to 'poker-tracker-eb0be'...
[info] 
[info] i  deploying database, firestore, hosting 
[info] i  database: checking rules syntax... 
[debug] [2024-10-10T13:55:45.984Z] Checked if tokens are valid: true, expires at: 1728571533351
[debug] [2024-10-10T13:55:45.984Z] Checked if tokens are valid: true, expires at: 1728571533351
[debug] [2024-10-10T13:55:45.984Z] >>> [apiv2][query] GET https://firebasedatabase.googleapis.com/v1beta/projects/poker-tracker-eb0be/locations/-/instances/poker-tracker-eb0be-default-rtdb [none]
[debug] [2024-10-10T13:55:46.366Z] <<< [apiv2][status] GET https://firebasedatabase.googleapis.com/v1beta/projects/poker-tracker-eb0be/locations/-/instances/poker-tracker-eb0be-default-rtdb 200
[debug] [2024-10-10T13:55:46.366Z] <<< [apiv2][body] GET https://firebasedatabase.googleapis.com/v1beta/projects/poker-tracker-eb0be/locations/-/instances/poker-tracker-eb0be-default-rtdb {"name":"projects/708185566131/locations/us-central1/instances/poker-tracker-eb0be-default-rtdb","project":"projects/708185566131","databaseUrl":"https://poker-tracker-eb0be-default-rtdb.firebaseio.com","type":"DEFAULT_DATABASE","state":"ACTIVE"}
[debug] [2024-10-10T13:55:46.367Z] Checked if tokens are valid: true, expires at: 1728571533351
[debug] [2024-10-10T13:55:46.368Z] Checked if tokens are valid: true, expires at: 1728571533351
[debug] [2024-10-10T13:55:46.368Z] >>> [apiv2][query] PUT https://poker-tracker-eb0be-default-rtdb.firebaseio.com/.settings/rules.json dryRun=true
[debug] [2024-10-10T13:55:46.369Z] >>> [apiv2][body] PUT https://poker-tracker-eb0be-default-rtdb.firebaseio.com/.settings/rules.json "{\n  /* Visit https://firebase.google.com/docs/database/security to learn more about security rules. */\n  \"rules\": {\n    \".read\": false,\n    \".write\": false\n  }\n}"
[debug] [2024-10-10T13:55:46.523Z] <<< [apiv2][status] PUT https://poker-tracker-eb0be-default-rtdb.firebaseio.com/.settings/rules.json 200
[debug] [2024-10-10T13:55:46.523Z] <<< [apiv2][body] PUT https://poker-tracker-eb0be-default-rtdb.firebaseio.com/.settings/rules.json {"status":"ok"}
[info] ✔  database: rules syntax for database poker-tracker-eb0be-default-rtdb is valid 
[info] i  firestore: reading indexes from firestore.indexes.json... 
[info] i  cloud.firestore: checking firestore.rules for compilation errors... 
[debug] [2024-10-10T13:55:46.526Z] Checked if tokens are valid: true, expires at: 1728571533351
[debug] [2024-10-10T13:55:46.526Z] Checked if tokens are valid: true, expires at: 1728571533351
[debug] [2024-10-10T13:55:46.526Z] >>> [apiv2][query] POST https://firebaserules.googleapis.com/v1/projects/poker-tracker-eb0be:test [none]
[debug] [2024-10-10T13:55:46.526Z] >>> [apiv2][body] POST https://firebaserules.googleapis.com/v1/projects/poker-tracker-eb0be:test [omitted]
[debug] [2024-10-10T13:55:46.748Z] <<< [apiv2][status] POST https://firebaserules.googleapis.com/v1/projects/poker-tracker-eb0be:test 200
[debug] [2024-10-10T13:55:46.748Z] <<< [apiv2][body] POST https://firebaserules.googleapis.com/v1/projects/poker-tracker-eb0be:test {}
[info] ✔  cloud.firestore: rules file firestore.rules compiled successfully 
[debug] [2024-10-10T13:55:46.752Z] Checked if tokens are valid: true, expires at: 1728571533351
[debug] [2024-10-10T13:55:46.752Z] Checked if tokens are valid: true, expires at: 1728571533351
[debug] [2024-10-10T13:55:46.752Z] >>> [apiv2][query] POST https://firebasehosting.googleapis.com/v1beta1/projects/-/sites/poker-tracker-eb0be/versions [none]
[debug] [2024-10-10T13:55:46.752Z] >>> [apiv2][body] POST https://firebasehosting.googleapis.com/v1beta1/projects/-/sites/poker-tracker-eb0be/versions {"status":"CREATED","labels":{"deployment-tool":"cli-firebase"}}
[debug] [2024-10-10T13:55:47.417Z] <<< [apiv2][status] POST https://firebasehosting.googleapis.com/v1beta1/projects/-/sites/poker-tracker-eb0be/versions 200
[debug] [2024-10-10T13:55:47.417Z] <<< [apiv2][body] POST https://firebasehosting.googleapis.com/v1beta1/projects/-/sites/poker-tracker-eb0be/versions {"name":"projects/708185566131/sites/poker-tracker-eb0be/versions/0f846a3a08a4f701","status":"CREATED","config":{},"labels":{"deployment-tool":"cli-firebase"}}
[debug] [2024-10-10T13:55:47.419Z] Checked if tokens are valid: true, expires at: 1728571533351
[debug] [2024-10-10T13:55:47.419Z] Checked if tokens are valid: true, expires at: 1728571533351
[info] i  firestore: deploying indexes... 
[debug] [2024-10-10T13:55:47.420Z] Checked if tokens are valid: true, expires at: 1728571533351
[debug] [2024-10-10T13:55:47.420Z] Checked if tokens are valid: true, expires at: 1728571533351
[debug] [2024-10-10T13:55:47.420Z] >>> [apiv2][query] GET https://firebaserules.googleapis.com/v1/projects/poker-tracker-eb0be/releases pageSize=10&pageToken=
[debug] [2024-10-10T13:55:47.421Z] >>> [apiv2][query] GET https://firestore.googleapis.com/v1/projects/poker-tracker-eb0be/databases/(default)/collectionGroups/-/indexes [none]
[debug] [2024-10-10T13:55:47.597Z] <<< [apiv2][status] GET https://firebaserules.googleapis.com/v1/projects/poker-tracker-eb0be/releases 200
[debug] [2024-10-10T13:55:47.598Z] <<< [apiv2][body] GET https://firebaserules.googleapis.com/v1/projects/poker-tracker-eb0be/releases {"releases":[{"name":"projects/poker-tracker-eb0be/releases/cloud.firestore","rulesetName":"projects/poker-tracker-eb0be/rulesets/5a452b4b-a9f1-4976-89d3-af83e4399a74","createTime":"2024-10-03T02:13:13.429597Z","updateTime":"2024-10-10T13:45:39.166627Z"}]}
[debug] [2024-10-10T13:55:47.598Z] Checked if tokens are valid: true, expires at: 1728571533351
[debug] [2024-10-10T13:55:47.598Z] Checked if tokens are valid: true, expires at: 1728571533351
[debug] [2024-10-10T13:55:47.598Z] >>> [apiv2][query] GET https://firebaserules.googleapis.com/v1/projects/poker-tracker-eb0be/rulesets/5a452b4b-a9f1-4976-89d3-af83e4399a74 [none]
[debug] [2024-10-10T13:55:47.754Z] <<< [apiv2][status] GET https://firebaserules.googleapis.com/v1/projects/poker-tracker-eb0be/rulesets/5a452b4b-a9f1-4976-89d3-af83e4399a74 200
[debug] [2024-10-10T13:55:47.754Z] <<< [apiv2][body] GET https://firebaserules.googleapis.com/v1/projects/poker-tracker-eb0be/rulesets/5a452b4b-a9f1-4976-89d3-af83e4399a74 [omitted]
[info] i  firestore: latest version of firestore.rules already up to date, skipping upload... 
[debug] [2024-10-10T13:55:47.808Z] <<< [apiv2][status] GET https://firestore.googleapis.com/v1/projects/poker-tracker-eb0be/databases/(default)/collectionGroups/-/indexes 200
[debug] [2024-10-10T13:55:47.808Z] <<< [apiv2][body] GET https://firestore.googleapis.com/v1/projects/poker-tracker-eb0be/databases/(default)/collectionGroups/-/indexes {}
[debug] [2024-10-10T13:55:47.808Z] Checked if tokens are valid: true, expires at: 1728571533351
[debug] [2024-10-10T13:55:47.808Z] Checked if tokens are valid: true, expires at: 1728571533351
[debug] [2024-10-10T13:55:47.808Z] >>> [apiv2][query] GET https://firestore.googleapis.com/v1/projects/poker-tracker-eb0be/databases/(default)/collectionGroups/-/fields?filter=indexConfig.usesAncestorConfig=false OR ttlConfig:* [none]
[debug] [2024-10-10T13:55:47.938Z] <<< [apiv2][status] GET https://firestore.googleapis.com/v1/projects/poker-tracker-eb0be/databases/(default)/collectionGroups/-/fields?filter=indexConfig.usesAncestorConfig=false OR ttlConfig:* 200
[debug] [2024-10-10T13:55:47.939Z] <<< [apiv2][body] GET https://firestore.googleapis.com/v1/projects/poker-tracker-eb0be/databases/(default)/collectionGroups/-/fields?filter=indexConfig.usesAncestorConfig=false OR ttlConfig:* {"fields":[{"name":"projects/poker-tracker-eb0be/databases/(default)/collectionGroups/__default__/fields/*","indexConfig":{"indexes":[{"queryScope":"COLLECTION","fields":[{"fieldPath":"*","order":"ASCENDING"}],"state":"READY"},{"queryScope":"COLLECTION","fields":[{"fieldPath":"*","order":"DESCENDING"}],"state":"READY"},{"queryScope":"COLLECTION","fields":[{"fieldPath":"*","arrayConfig":"CONTAINS"}],"state":"READY"}]}}]}
[info] ✔  firestore: deployed indexes in firestore.indexes.json successfully for (default) database 
[info] i  hosting[poker-tracker-eb0be]: beginning deploy... 
[info] i  hosting[poker-tracker-eb0be]: found 8 files in dist 
[debug] [2024-10-10T13:55:47.954Z] [hosting] uploading with 200 concurrency
[debug] [2024-10-10T13:55:48.162Z] Checked if tokens are valid: true, expires at: 1728571533351
[debug] [2024-10-10T13:55:48.162Z] Checked if tokens are valid: true, expires at: 1728571533351
[debug] [2024-10-10T13:55:48.162Z] [hosting] hash cache [ZGlzdA] stored for 8 files
[debug] [2024-10-10T13:55:48.162Z] [hosting][hash queue][FINAL] {"max":204,"min":5,"avg":33.625,"active":0,"complete":8,"success":8,"errored":0,"retried":0,"total":8,"elapsed":206}
[debug] [2024-10-10T13:55:48.162Z] >>> [apiv2][query] POST https://firebasehosting.googleapis.com/v1beta1/projects/708185566131/sites/poker-tracker-eb0be/versions/0f846a3a08a4f701:populateFiles [none]
[debug] [2024-10-10T13:55:48.162Z] >>> [apiv2][body] POST https://firebasehosting.googleapis.com/v1beta1/projects/708185566131/sites/poker-tracker-eb0be/versions/0f846a3a08a4f701:populateFiles {"files":{"/index.html":"fad791c7255bba21ae9077d5953496a5b5e290205f74d8cbfb8ac2d9c6ada901","/pokerforthepooricon.ico":"107d8d5e928a92a3d3604ea9aeb67439f7655b7764e3a949585e4e8d4891c94c","/favicon.ico":"1e71457865f706dc865b49a54a86e193818220d290b30226b6630a42faf1535d","/js/app.8543345d.js":"5453feb96b7f8f153504cc93ecf90536a747e68562c97833501f99ad6ab905b0","/css/app.b3d77e98.css":"8f0004ef009b6fe1f957c52933923c120a996c4b65337826877a75c950292544","/js/app.8543345d.js.map":"18afd743c9471a0de06747c8744489ced48b914b71f42016d14cf741577c60d6","/js/chunk-vendors.b357038e.js":"f508287e8def6b0d94d9ba7311cc4673740707b03e36bd1a4f5de4542b75d54f","/js/chunk-vendors.b357038e.js.map":"ea49469d64ceeda25be092d7f9071fc7ef8ad80cafd53c51007b81bbe2f27356"}}
[debug] [2024-10-10T13:55:48.309Z] <<< [apiv2][status] POST https://firebasehosting.googleapis.com/v1beta1/projects/708185566131/sites/poker-tracker-eb0be/versions/0f846a3a08a4f701:populateFiles 200
[debug] [2024-10-10T13:55:48.309Z] <<< [apiv2][body] POST https://firebasehosting.googleapis.com/v1beta1/projects/708185566131/sites/poker-tracker-eb0be/versions/0f846a3a08a4f701:populateFiles {"uploadRequiredHashes":["107d8d5e928a92a3d3604ea9aeb67439f7655b7764e3a949585e4e8d4891c94c","fad791c7255bba21ae9077d5953496a5b5e290205f74d8cbfb8ac2d9c6ada901"],"uploadUrl":"https://upload-firebasehosting.googleapis.com/upload/sites/poker-tracker-eb0be/versions/0f846a3a08a4f701/files"}
[debug] [2024-10-10T13:55:48.309Z] Checked if tokens are valid: true, expires at: 1728571533351
[debug] [2024-10-10T13:55:48.309Z] Checked if tokens are valid: true, expires at: 1728571533351
[debug] [2024-10-10T13:55:48.310Z] Checked if tokens are valid: true, expires at: 1728571533351
[debug] [2024-10-10T13:55:48.310Z] Checked if tokens are valid: true, expires at: 1728571533351
[debug] [2024-10-10T13:55:48.310Z] >>> [apiv2][query] POST https://upload-firebasehosting.googleapis.com/upload/sites/poker-tracker-eb0be/versions/0f846a3a08a4f701/files/107d8d5e928a92a3d3604ea9aeb67439f7655b7764e3a949585e4e8d4891c94c [none]
[debug] [2024-10-10T13:55:48.310Z] >>> [apiv2][body] POST https://upload-firebasehosting.googleapis.com/upload/sites/poker-tracker-eb0be/versions/0f846a3a08a4f701/files/107d8d5e928a92a3d3604ea9aeb67439f7655b7764e3a949585e4e8d4891c94c [stream]
[debug] [2024-10-10T13:55:48.311Z] >>> [apiv2][query] POST https://upload-firebasehosting.googleapis.com/upload/sites/poker-tracker-eb0be/versions/0f846a3a08a4f701/files/fad791c7255bba21ae9077d5953496a5b5e290205f74d8cbfb8ac2d9c6ada901 [none]
[debug] [2024-10-10T13:55:48.311Z] >>> [apiv2][body] POST https://upload-firebasehosting.googleapis.com/upload/sites/poker-tracker-eb0be/versions/0f846a3a08a4f701/files/fad791c7255bba21ae9077d5953496a5b5e290205f74d8cbfb8ac2d9c6ada901 [stream]
[debug] [2024-10-10T13:55:48.312Z] [hosting][populate queue][FINAL] {"max":149,"min":149,"avg":149,"active":0,"complete":1,"success":1,"errored":0,"retried":0,"total":1,"elapsed":151}
[debug] [2024-10-10T13:55:48.312Z] [hosting] uploads queued: 2
[debug] [2024-10-10T13:55:48.989Z] <<< [apiv2][status] POST https://upload-firebasehosting.googleapis.com/upload/sites/poker-tracker-eb0be/versions/0f846a3a08a4f701/files/107d8d5e928a92a3d3604ea9aeb67439f7655b7764e3a949585e4e8d4891c94c 200
[debug] [2024-10-10T13:55:48.989Z] <<< [apiv2][body] POST https://upload-firebasehosting.googleapis.com/upload/sites/poker-tracker-eb0be/versions/0f846a3a08a4f701/files/107d8d5e928a92a3d3604ea9aeb67439f7655b7764e3a949585e4e8d4891c94c [stream]
[debug] [2024-10-10T13:55:49.086Z] <<< [apiv2][status] POST https://upload-firebasehosting.googleapis.com/upload/sites/poker-tracker-eb0be/versions/0f846a3a08a4f701/files/fad791c7255bba21ae9077d5953496a5b5e290205f74d8cbfb8ac2d9c6ada901 200
[debug] [2024-10-10T13:55:49.086Z] <<< [apiv2][body] POST https://upload-firebasehosting.googleapis.com/upload/sites/poker-tracker-eb0be/versions/0f846a3a08a4f701/files/fad791c7255bba21ae9077d5953496a5b5e290205f74d8cbfb8ac2d9c6ada901 [stream]
[debug] [2024-10-10T13:55:49.086Z] [hosting][upload queue][FINAL] {"max":777,"min":680,"avg":728.5,"active":0,"complete":2,"success":2,"errored":0,"retried":0,"total":2,"elapsed":777}
[info] ✔  hosting[poker-tracker-eb0be]: file upload complete 
[debug] [2024-10-10T13:55:49.087Z] [hosting] deploy completed after 1146ms
[info] i  database: releasing rules... 
[debug] [2024-10-10T13:55:49.088Z] Checked if tokens are valid: true, expires at: 1728571533351
[debug] [2024-10-10T13:55:49.088Z] Checked if tokens are valid: true, expires at: 1728571533351
[debug] [2024-10-10T13:55:49.088Z] >>> [apiv2][query] GET https://firebasedatabase.googleapis.com/v1beta/projects/poker-tracker-eb0be/locations/-/instances/poker-tracker-eb0be-default-rtdb [none]
